<?xml version="1.0" encoding="UTF-8"?>
<!-- Generated by org.testng.reporters.JUnitReportReporter -->
<testsuite skipped="0" hostname="Happiness" name="com.DemoClassChrome" tests="1" failures="0" timestamp="07 Apr 2019 10:24:24 GMT" time="89.469" errors="0">
  <testcase name="demoTestChrome" time="89.469" classname="com.DemoClassChrome"/>
</testsuite> <!-- com.DemoClassChrome -->
